<?xml version="1.0" encoding="UTF-8"?>
<!-- Generated by org.testng.reporters.JUnitReportReporter -->
<testsuite skipped="0" hostname="DESKTOP-4IE01BQ" name="TestCases.TC_BaseClass" tests="1" failures="0" timestamp="14 Feb 2023 16:07:38 GMT" time="4.452" errors="0">
  <testcase name="myMethod" time="4.452" classname="TestCases.TC_BaseClass"/>
</testsuite> <!-- TestCases.TC_BaseClass -->
